0 info it worked if it ends with ok
1 verbose cli [ '/usr/bin/node', '/usr/bin/npm', 'update' ]
2 info using npm@1.3.8
3 info using node@v0.10.17
4 verbose node symlink /usr/bin/node
5 verbose cache add [ 'express', '3.x' ]
6 verbose cache add name="express" spec="3.x" args=["express","3.x"]
7 verbose parsed url { protocol: null,
7 verbose parsed url   slashes: null,
7 verbose parsed url   auth: null,
7 verbose parsed url   host: null,
7 verbose parsed url   port: null,
7 verbose parsed url   hostname: null,
7 verbose parsed url   hash: null,
7 verbose parsed url   search: null,
7 verbose parsed url   query: null,
7 verbose parsed url   pathname: '3.x',
7 verbose parsed url   path: '3.x',
7 verbose parsed url   href: '3.x' }
8 verbose addNamed [ 'express', '3.x' ]
9 verbose addNamed [ null, '>=3.0.0-0 <4.0.0-0' ]
10 silly lockFile 3a341b85-express-3-x express@3.x
11 verbose lock express@3.x /home/ubuntu/.npm/3a341b85-express-3-x.lock
12 silly addNameRange { name: 'express', range: '>=3.0.0-0 <4.0.0-0', hasData: false }
13 verbose url raw express
14 verbose url resolving [ 'https://registry.npmjs.org/', './express' ]
15 verbose url resolved https://registry.npmjs.org/express
16 info trying registry request attempt 1 at 15:17:03
17 verbose etag "A4J2VN9LYW35EXRCE4E6IINE1"
18 http GET https://registry.npmjs.org/express
19 http 304 https://registry.npmjs.org/express
20 silly registry.get cb [ 304,
20 silly registry.get   { server: 'CouchDB/1.3.1 (Erlang OTP/R15B03)',
20 silly registry.get     etag: '"A4J2VN9LYW35EXRCE4E6IINE1"',
20 silly registry.get     date: 'Tue, 10 Sep 2013 15:17:04 GMT',
20 silly registry.get     'content-length': '0' } ]
21 verbose etag express from cache
22 silly addNameRange number 2 { name: 'express', range: '>=3.0.0-0 <4.0.0-0', hasData: true }
23 silly addNameRange versions [ 'express',
23 silly addNameRange   [ '0.14.0',
23 silly addNameRange     '0.14.1',
23 silly addNameRange     '1.0.0',
23 silly addNameRange     '1.0.1',
23 silly addNameRange     '1.0.2',
23 silly addNameRange     '1.0.3',
23 silly addNameRange     '1.0.4',
23 silly addNameRange     '1.0.5',
23 silly addNameRange     '1.0.6',
23 silly addNameRange     '1.0.7',
23 silly addNameRange     '1.0.8',
23 silly addNameRange     '2.0.0',
23 silly addNameRange     '2.1.0',
23 silly addNameRange     '2.1.1',
23 silly addNameRange     '2.2.0',
23 silly addNameRange     '2.2.1',
23 silly addNameRange     '2.2.2',
23 silly addNameRange     '2.3.0',
23 silly addNameRange     '2.3.1',
23 silly addNameRange     '2.3.2',
23 silly addNameRange     '2.3.3',
23 silly addNameRange     '2.3.4',
23 silly addNameRange     '2.3.5',
23 silly addNameRange     '2.3.6',
23 silly addNameRange     '2.3.7',
23 silly addNameRange     '2.3.8',
23 silly addNameRange     '2.3.9',
23 silly addNameRange     '2.3.10',
23 silly addNameRange     '2.3.11',
23 silly addNameRange     '2.3.12',
23 silly addNameRange     '2.4.0',
23 silly addNameRange     '2.4.1',
23 silly addNameRange     '2.4.2',
23 silly addNameRange     '2.4.3',
23 silly addNameRange     '2.4.4',
23 silly addNameRange     '2.4.5',
23 silly addNameRange     '2.4.6',
23 silly addNameRange     '2.4.7',
23 silly addNameRange     '2.5.0',
23 silly addNameRange     '2.5.1',
23 silly addNameRange     '2.5.2',
23 silly addNameRange     '2.5.3',
23 silly addNameRange     '2.5.4',
23 silly addNameRange     '2.5.5',
23 silly addNameRange     '2.5.6',
23 silly addNameRange     '2.5.7',
23 silly addNameRange     '2.5.8',
23 silly addNameRange     '2.5.9',
23 silly addNameRange     '2.5.10',
23 silly addNameRange     '2.5.11',
23 silly addNameRange     '3.0.0',
23 silly addNameRange     '3.0.1',
23 silly addNameRange     '3.0.2',
23 silly addNameRange     '3.0.3',
23 silly addNameRange     '3.0.4',
23 silly addNameRange     '3.0.5',
23 silly addNameRange     '3.0.6',
23 silly addNameRange     '3.1.0',
23 silly addNameRange     '3.1.1',
23 silly addNameRange     '3.1.2',
23 silly addNameRange     '3.2.0',
23 silly addNameRange     '3.2.1',
23 silly addNameRange     '3.2.2',
23 silly addNameRange     '3.2.3',
23 silly addNameRange     '3.2.4',
23 silly addNameRange     '3.2.5',
23 silly addNameRange     '3.2.6',
23 silly addNameRange     '3.3.0',
23 silly addNameRange     '3.3.1',
23 silly addNameRange     '3.3.2',
23 silly addNameRange     '3.3.3',
23 silly addNameRange     '3.3.4',
23 silly addNameRange     '3.3.5',
23 silly addNameRange     '3.3.6',
23 silly addNameRange     '1.0.0-beta',
23 silly addNameRange     '1.0.0-beta2',
23 silly addNameRange     '1.0.0-rc',
23 silly addNameRange     '1.0.0-rc2',
23 silly addNameRange     '1.0.0-rc3',
23 silly addNameRange     '1.0.0-rc4',
23 silly addNameRange     '2.0.0-beta',
23 silly addNameRange     '2.0.0-beta2',
23 silly addNameRange     '2.0.0-beta3',
23 silly addNameRange     '2.0.0-rc',
23 silly addNameRange     '2.0.0-rc2',
23 silly addNameRange     '2.0.0-rc3',
23 silly addNameRange     '3.0.0-alpha1',
23 silly addNameRange     '3.0.0-alpha2',
23 silly addNameRange     '3.0.0-alpha3',
23 silly addNameRange     '3.0.0-alpha4',
23 silly addNameRange     '3.0.0-alpha5',
23 silly addNameRange     '3.0.0-beta1',
23 silly addNameRange     '3.0.0-beta2',
23 silly addNameRange     '3.0.0-beta3',
23 silly addNameRange     '3.0.0-beta4',
23 silly addNameRange     '3.0.0-beta6',
23 silly addNameRange     '3.0.0-beta7',
23 silly addNameRange     '3.0.0-rc1',
23 silly addNameRange     '3.0.0-rc2',
23 silly addNameRange     '3.0.0-rc3',
23 silly addNameRange     '3.0.0-rc4',
23 silly addNameRange     '3.0.0-rc5',
23 silly addNameRange     '3.3.7',
23 silly addNameRange     '3.3.8',
23 silly addNameRange     '3.4.0' ] ]
24 verbose addNamed [ 'express', '3.4.0' ]
25 verbose addNamed [ '3.4.0', '3.4.0' ]
26 silly lockFile 86194427-express-3-4-0 express@3.4.0
27 verbose lock express@3.4.0 /home/ubuntu/.npm/86194427-express-3-4-0.lock
28 silly lockFile 86194427-express-3-4-0 express@3.4.0
29 silly lockFile 86194427-express-3-4-0 express@3.4.0
30 silly lockFile 3a341b85-express-3-x express@3.x
31 silly lockFile 3a341b85-express-3-x express@3.x
32 error TypeError: Cannot read property 'from' of undefined
32 error     at /usr/lib/node_modules/npm/lib/outdated.js:159:36
32 error     at /usr/lib/node_modules/npm/lib/cache.js:591:30
32 error     at /usr/lib/node_modules/npm/node_modules/lockfile/lockfile.js:55:41
32 error     at Object.oncomplete (fs.js:107:15)
33 error If you need help, you may report this log at:
33 error     <http://github.com/isaacs/npm/issues>
33 error or email it to:
33 error     <npm-@googlegroups.com>
34 error System Linux 3.2.0-40-virtual
35 error command "/usr/bin/node" "/usr/bin/npm" "update"
36 error cwd /home/ubuntu/webapps/ima
37 error node -v v0.10.17
38 error npm -v 1.3.8
39 error type non_object_property_load
40 verbose exit [ 1, true ]
